<?xml version="1.0" encoding="UTF-8"?>
<testng-results ignored="0" total="1" passed="1" failed="0" skipped="0">
  <reporter-output>
  </reporter-output>
  <suite started-at="2025-01-21T13:04:40 IST" name="Default suite" finished-at="2025-01-21T13:04:40 IST" duration-ms="82">
    <groups>
    </groups>
    <test started-at="2025-01-21T13:04:40 IST" name="Default test" finished-at="2025-01-21T13:04:40 IST" duration-ms="82">
      <class name="testscript.TestNGAnnotations">
        <test-method is-config="true" signature="beforeSuite()[pri:0, instance:testscript.TestNGAnnotations@1ff4931d]" started-at="2025-01-21T13:04:39 IST" name="beforeSuite" finished-at="2025-01-21T13:04:40 IST" duration-ms="17" status="PASS">
          <reporter-output>
          </reporter-output>
        </test-method> <!-- beforeSuite -->
        <test-method is-config="true" signature="beforeTest()[pri:0, instance:testscript.TestNGAnnotations@1ff4931d]" started-at="2025-01-21T13:04:40 IST" name="beforeTest" finished-at="2025-01-21T13:04:40 IST" duration-ms="2" status="PASS">
          <reporter-output>
          </reporter-output>
        </test-method> <!-- beforeTest -->
        <test-method is-config="true" signature="beforeClass()[pri:0, instance:testscript.TestNGAnnotations@1ff4931d]" started-at="2025-01-21T13:04:40 IST" name="beforeClass" finished-at="2025-01-21T13:04:40 IST" duration-ms="1" status="PASS">
          <reporter-output>
          </reporter-output>
        </test-method> <!-- beforeClass -->
        <test-method is-config="true" signature="before()[pri:0, instance:testscript.TestNGAnnotations@1ff4931d]" started-at="2025-01-21T13:04:40 IST" name="before" finished-at="2025-01-21T13:04:40 IST" duration-ms="1" status="PASS">
          <reporter-output>
          </reporter-output>
        </test-method> <!-- before -->
        <test-method signature="testCase1()[pri:0, instance:testscript.TestNGAnnotations@1ff4931d]" started-at="2025-01-21T13:04:40 IST" name="testCase1" finished-at="2025-01-21T13:04:40 IST" duration-ms="10" status="PASS">
          <reporter-output>
          </reporter-output>
        </test-method> <!-- testCase1 -->
        <test-method is-config="true" signature="after()[pri:0, instance:testscript.TestNGAnnotations@1ff4931d]" started-at="2025-01-21T13:04:40 IST" name="after" finished-at="2025-01-21T13:04:40 IST" duration-ms="0" status="PASS">
          <reporter-output>
          </reporter-output>
        </test-method> <!-- after -->
        <test-method is-config="true" signature="afterClass()[pri:0, instance:testscript.TestNGAnnotations@1ff4931d]" started-at="2025-01-21T13:04:40 IST" name="afterClass" finished-at="2025-01-21T13:04:40 IST" duration-ms="1" status="PASS">
          <reporter-output>
          </reporter-output>
        </test-method> <!-- afterClass -->
        <test-method is-config="true" signature="afterTest()[pri:0, instance:testscript.TestNGAnnotations@1ff4931d]" started-at="2025-01-21T13:04:40 IST" name="afterTest" finished-at="2025-01-21T13:04:40 IST" duration-ms="0" status="PASS">
          <reporter-output>
          </reporter-output>
        </test-method> <!-- afterTest -->
        <test-method is-config="true" signature="afterSuite()[pri:0, instance:testscript.TestNGAnnotations@1ff4931d]" started-at="2025-01-21T13:04:40 IST" name="afterSuite" finished-at="2025-01-21T13:04:40 IST" duration-ms="1" status="PASS">
          <reporter-output>
          </reporter-output>
        </test-method> <!-- afterSuite -->
      </class> <!-- testscript.TestNGAnnotations -->
    </test> <!-- Default test -->
  </suite> <!-- Default suite -->
</testng-results>
