<?xml version="1.0" encoding="UTF-8"?>
<!-- Generated by org.testng.reporters.JUnitXMLReporter -->
<testsuite ignored="0" hostname="DESKTOP-6D0GPUM" failures="0" tests="2" name="Test" time="18.579" errors="0" timestamp="2025-02-25T14:03:20 IST">
  <testcase classname="testScript.SubCategoryTest" name="selectSubCategoryFromSearchListUsingCategoryAndSubCategoryName" time="5.276"/>
  <testcase classname="testScript.SubCategoryTest" name="userCanAbleToAddNewSubCategoryUsingCategoryAndSubcategoryName" time="5.08"/>
</testsuite> <!-- Test -->
