<?xml version="1.0" encoding="UTF-8"?>
<!-- Generated by org.testng.reporters.JUnitXMLReporter -->
<testsuite ignored="0" hostname="DESKTOP-6D0GPUM" failures="2" tests="5" name="Test1" time="31.255" errors="0" timestamp="2025-02-14T19:49:48 IST">
  <testcase classname="testScript.LoginTest" name="userLoginUsingValidUsernameAndValidPassword" time="1.943">
    <failure type="java.io.IOException" message="Truncated ZIP file">
      <![CDATA[java.io.IOException: Truncated ZIP file
at org.apache.commons.compress.archivers.zip.ZipArchiveInputStream.readDeflated(ZipArchiveInputStream.java:1005)
at org.apache.commons.compress.archivers.zip.ZipArchiveInputStream.read(ZipArchiveInputStream.java:927)
at java.base/java.io.FilterInputStream.read(FilterInputStream.java:119)
at org.apache.poi.openxml4j.util.ZipArchiveThresholdInputStream.read(ZipArchiveThresholdInputStream.java:78)
at org.apache.poi.util.IOUtils.toByteArray(IOUtils.java:245)
at org.apache.poi.util.IOUtils.toByteArray(IOUtils.java:208)
at org.apache.poi.openxml4j.util.ZipArchiveFakeEntry.<init>(ZipArchiveFakeEntry.java:83)
at org.apache.poi.openxml4j.util.ZipInputStreamZipEntrySource.<init>(ZipInputStreamZipEntrySource.java:98)
at org.apache.poi.openxml4j.opc.ZipPackage.<init>(ZipPackage.java:157)
at org.apache.poi.openxml4j.opc.OPCPackage.open(OPCPackage.java:351)
at org.apache.poi.ooxml.util.PackageHelper.open(PackageHelper.java:64)
at org.apache.poi.xssf.usermodel.XSSFWorkbook.<init>(XSSFWorkbook.java:315)
at org.apache.poi.xssf.usermodel.XSSFWorkbook.<init>(XSSFWorkbook.java:289)
at utilities.ExcelUtility.getStringData(ExcelUtility.java:19)
at testScript.LoginTest.userLoginUsingValidUsernameAndValidPassword(LoginTest.java:14)
at java.base/java.util.concurrent.Executors$RunnableAdapter.call(Executors.java:572)
at java.base/java.util.concurrent.FutureTask.run(FutureTask.java:317)
at java.base/java.util.concurrent.ThreadPoolExecutor.runWorker(ThreadPoolExecutor.java:1144)
at java.base/java.util.concurrent.ThreadPoolExecutor$Worker.run(ThreadPoolExecutor.java:642)
at java.base/java.lang.Thread.run(Thread.java:1575)
... Removed 11 stack frames]]>
    </failure>
  </testcase> <!-- userLoginUsingValidUsernameAndValidPassword -->
  <testcase classname="testScript.HomeTest" name="isTheUserAbleToLogout" time="1.795">
    <failure type="org.apache.poi.ooxml.POIXMLException" message="org.apache.poi.openxml4j.exceptions.InvalidFormatException: Package should contain a content type part [M1.13]">
      <![CDATA[org.apache.poi.ooxml.POIXMLException: org.apache.poi.openxml4j.exceptions.InvalidFormatException: Package should contain a content type part [M1.13]
at org.apache.poi.ooxml.util.PackageHelper.open(PackageHelper.java:66)
at org.apache.poi.xssf.usermodel.XSSFWorkbook.<init>(XSSFWorkbook.java:315)
at org.apache.poi.xssf.usermodel.XSSFWorkbook.<init>(XSSFWorkbook.java:289)
at utilities.ExcelUtility.getStringData(ExcelUtility.java:19)
at testScript.HomeTest.isTheUserAbleToLogout(HomeTest.java:17)
at java.base/java.util.concurrent.Executors$RunnableAdapter.call(Executors.java:572)
at java.base/java.util.concurrent.FutureTask.run(FutureTask.java:317)
at java.base/java.util.concurrent.ThreadPoolExecutor.runWorker(ThreadPoolExecutor.java:1144)
at java.base/java.util.concurrent.ThreadPoolExecutor$Worker.run(ThreadPoolExecutor.java:642)
at java.base/java.lang.Thread.run(Thread.java:1575)
Caused by: org.apache.poi.openxml4j.exceptions.InvalidFormatException: Package should contain a content type part [M1.13]
at org.apache.poi.openxml4j.opc.ZipPackage.getPartsImpl(ZipPackage.java:300)
at org.apache.poi.openxml4j.opc.OPCPackage.getParts(OPCPackage.java:781)
at org.apache.poi.openxml4j.opc.OPCPackage.open(OPCPackage.java:354)
at org.apache.poi.ooxml.util.PackageHelper.open(PackageHelper.java:64)
... 20 more
... Removed 11 stack frames]]>
    </failure>
  </testcase> <!-- isTheUserAbleToLogout -->
  <testcase classname="testScript.LoginTest" name="userLoginUsingValidUsernameAndInvalidPassword" time="3.732"/>
  <testcase classname="testScript.LoginTest" name="userLoginUsingInvalidUsernameAndValidPassword" time="1.751"/>
  <testcase classname="testScript.LoginTest" name="userLoginUsingInvalidUsernameAndInvalidPassword" time="1.81"/>
</testsuite> <!-- Test1 -->
