<?xml version="1.0" encoding="UTF-8"?>
<!-- Generated by org.testng.reporters.JUnitXMLReporter -->
<testsuite ignored="3" hostname="DESKTOP-6D0GPUM" failures="0" tests="1" name="Test2" time="6.497" errors="0" timestamp="2025-02-14T19:40:59 IST">
  <testcase classname="testScript.LoginTest" name="userLoginUsingValidUsernameAndInvalidPassword" time="1.779"/>
  <testcase classname="testScript.LoginTest" name="userLoginUsingValidUsernameAndValidPassword" time="0.0">
    <ignored/>
  </testcase> <!-- userLoginUsingValidUsernameAndValidPassword -->
  <testcase classname="testScript.LoginTest" name="userLoginUsingInvalidUsernameAndInvalidPassword" time="0.0">
    <ignored/>
  </testcase> <!-- userLoginUsingInvalidUsernameAndInvalidPassword -->
  <testcase classname="testScript.LoginTest" name="userLoginUsingInvalidUsernameAndValidPassword" time="0.0">
    <ignored/>
  </testcase> <!-- userLoginUsingInvalidUsernameAndValidPassword -->
</testsuite> <!-- Test2 -->
