<?xml version="1.0" encoding="UTF-8"?>
<testng-results ignored="0" total="2" passed="0" failed="2" skipped="0">
  <reporter-output>
  </reporter-output>
  <suite started-at="2025-02-21T15:03:48 IST" name="Parallel Testing" finished-at="2025-02-21T15:03:54 IST" duration-ms="6376">
    <groups>
      <group name="smoke">
        <method signature="LoginTest.userLoginUsingValidUsernameAndValidPassword()[pri:1, instance:testScript.LoginTest@b2c9a9c]" name="userLoginUsingValidUsernameAndValidPassword" class="testScript.LoginTest"/>
        <method signature="LoginTest.userLoginUsingValidUsernameAndInvalidPassword()[pri:2, instance:testScript.LoginTest@6236eb5f]" name="userLoginUsingValidUsernameAndInvalidPassword" class="testScript.LoginTest"/>
      </group> <!-- smoke -->
    </groups>
    <test started-at="2025-02-21T15:03:48 IST" name="Test2" finished-at="2025-02-21T15:03:54 IST" duration-ms="6272">
      <class name="testScript.LoginTest">
        <test-method is-config="true" signature="initializeBrowser(java.lang.String)[pri:0, instance:testScript.LoginTest@6236eb5f]" started-at="2025-02-21T15:03:48 IST" name="initializeBrowser" finished-at="2025-02-21T15:03:53 IST" duration-ms="5217" status="PASS">
          <params>
            <param index="0">
              <value>
                <![CDATA[Chrome]]>
              </value>
            </param>
          </params>
          <reporter-output>
          </reporter-output>
        </test-method> <!-- initializeBrowser -->
        <test-method signature="userLoginUsingValidUsernameAndInvalidPassword()[pri:2, instance:testScript.LoginTest@6236eb5f]" started-at="2025-02-21T15:03:53 IST" name="userLoginUsingValidUsernameAndInvalidPassword" description="Login using valid username and invalid password" finished-at="2025-02-21T15:03:54 IST" duration-ms="594" status="FAIL">
          <exception class="org.apache.poi.ooxml.POIXMLException">
            <message>
              <![CDATA[org.apache.poi.openxml4j.exceptions.InvalidFormatException: Package should contain a content type part [M1.13]]]>
            </message>
            <full-stacktrace>
              <![CDATA[org.apache.poi.ooxml.POIXMLException: org.apache.poi.openxml4j.exceptions.InvalidFormatException: Package should contain a content type part [M1.13]
at org.apache.poi.ooxml.util.PackageHelper.open(PackageHelper.java:66)
at org.apache.poi.xssf.usermodel.XSSFWorkbook.<init>(XSSFWorkbook.java:315)
at org.apache.poi.xssf.usermodel.XSSFWorkbook.<init>(XSSFWorkbook.java:289)
at utilities.ExcelUtility.getStringData(ExcelUtility.java:19)
at testScript.LoginTest.userLoginUsingValidUsernameAndInvalidPassword(LoginTest.java:30)
at java.base/jdk.internal.reflect.DirectMethodHandleAccessor.invoke(DirectMethodHandleAccessor.java:103)
at java.base/java.lang.reflect.Method.invoke(Method.java:580)
at org.testng.internal.invokers.MethodInvocationHelper.invokeMethod(MethodInvocationHelper.java:141)
at org.testng.internal.invokers.TestInvoker.invokeMethod(TestInvoker.java:686)
at org.testng.internal.invokers.TestInvoker.invokeTestMethod(TestInvoker.java:230)
at org.testng.internal.invokers.MethodRunner.runInSequence(MethodRunner.java:63)
at org.testng.internal.invokers.TestInvoker$MethodInvocationAgent.invoke(TestInvoker.java:992)
at org.testng.internal.invokers.TestInvoker.invokeTestMethods(TestInvoker.java:203)
at org.testng.internal.invokers.TestMethodWorker.invokeTestMethods(TestMethodWorker.java:154)
at org.testng.internal.invokers.TestMethodWorker.run(TestMethodWorker.java:134)
at java.base/java.util.ArrayList.forEach(ArrayList.java:1597)
at org.testng.TestRunner.privateRun(TestRunner.java:739)
at org.testng.TestRunner.run(TestRunner.java:614)
at org.testng.SuiteRunner.runTest(SuiteRunner.java:421)
at org.testng.SuiteRunner$SuiteWorker.run(SuiteRunner.java:463)
at org.testng.internal.thread.ThreadUtil.lambda$execute$0(ThreadUtil.java:64)
at java.base/java.util.concurrent.FutureTask.run(FutureTask.java:317)
at java.base/java.util.concurrent.ThreadPoolExecutor.runWorker(ThreadPoolExecutor.java:1144)
at java.base/java.util.concurrent.ThreadPoolExecutor$Worker.run(ThreadPoolExecutor.java:642)
at java.base/java.lang.Thread.run(Thread.java:1575)
Caused by: org.apache.poi.openxml4j.exceptions.InvalidFormatException: Package should contain a content type part [M1.13]
at org.apache.poi.openxml4j.opc.ZipPackage.getPartsImpl(ZipPackage.java:300)
at org.apache.poi.openxml4j.opc.OPCPackage.getParts(OPCPackage.java:781)
at org.apache.poi.openxml4j.opc.OPCPackage.open(OPCPackage.java:354)
at org.apache.poi.ooxml.util.PackageHelper.open(PackageHelper.java:64)
... 24 more
]]>
            </full-stacktrace>
          </exception> <!-- org.apache.poi.ooxml.POIXMLException -->
          <reporter-output>
          </reporter-output>
        </test-method> <!-- userLoginUsingValidUsernameAndInvalidPassword -->
        <test-method is-config="true" signature="driverCloseAndQuit(org.testng.ITestResult)[pri:0, instance:testScript.LoginTest@6236eb5f]" started-at="2025-02-21T15:03:54 IST" name="driverCloseAndQuit" finished-at="2025-02-21T15:03:54 IST" duration-ms="384" status="PASS">
          <params>
            <param index="0">
              <value>
                <![CDATA[[TestResult name=userLoginUsingValidUsernameAndInvalidPassword status=FAILURE method=LoginTest.userLoginUsingValidUsernameAndInvalidPassword()[pri:2, instance:testScript.LoginTest@6236eb5f] output={null}]]]>
              </value>
            </param>
          </params>
          <reporter-output>
          </reporter-output>
        </test-method> <!-- driverCloseAndQuit -->
      </class> <!-- testScript.LoginTest -->
    </test> <!-- Test2 -->
    <test started-at="2025-02-21T15:03:48 IST" name="Test1" finished-at="2025-02-21T15:03:54 IST" duration-ms="6376">
      <class name="testScript.LoginTest">
        <test-method is-config="true" signature="initializeBrowser(java.lang.String)[pri:0, instance:testScript.LoginTest@b2c9a9c]" started-at="2025-02-21T15:03:48 IST" name="initializeBrowser" finished-at="2025-02-21T15:03:54 IST" duration-ms="5490" status="PASS">
          <params>
            <param index="0">
              <value>
                <![CDATA[Chrome]]>
              </value>
            </param>
          </params>
          <reporter-output>
          </reporter-output>
        </test-method> <!-- initializeBrowser -->
        <test-method signature="userLoginUsingValidUsernameAndValidPassword()[pri:1, instance:testScript.LoginTest@b2c9a9c]" started-at="2025-02-21T15:03:54 IST" name="userLoginUsingValidUsernameAndValidPassword" description="Login using valid credentials" finished-at="2025-02-21T15:03:54 IST" duration-ms="317" status="FAIL">
          <exception class="java.io.IOException">
            <message>
              <![CDATA[Stream Closed]]>
            </message>
            <full-stacktrace>
              <![CDATA[java.io.IOException: Stream Closed
at java.base/java.io.FileInputStream.available0(Native Method)
at java.base/java.io.FileInputStream.available(FileInputStream.java:494)
at java.base/java.io.BufferedInputStream.implRead(BufferedInputStream.java:428)
at java.base/java.io.BufferedInputStream.read(BufferedInputStream.java:399)
at java.base/java.io.FilterInputStream.read(FilterInputStream.java:119)
at java.base/java.io.PushbackInputStream.read(PushbackInputStream.java:197)
at java.base/java.io.FilterInputStream.read(FilterInputStream.java:95)
at org.apache.commons.compress.archivers.zip.ZipArchiveInputStream.fill(ZipArchiveInputStream.java:539)
at org.apache.commons.compress.archivers.zip.ZipArchiveInputStream.readFromInflater(ZipArchiveInputStream.java:1072)
at org.apache.commons.compress.archivers.zip.ZipArchiveInputStream.readDeflated(ZipArchiveInputStream.java:996)
at org.apache.commons.compress.archivers.zip.ZipArchiveInputStream.read(ZipArchiveInputStream.java:927)
at java.base/java.io.FilterInputStream.read(FilterInputStream.java:119)
at org.apache.poi.openxml4j.util.ZipArchiveThresholdInputStream.read(ZipArchiveThresholdInputStream.java:78)
at org.apache.poi.util.IOUtils.toByteArray(IOUtils.java:245)
at org.apache.poi.util.IOUtils.toByteArray(IOUtils.java:208)
at org.apache.poi.openxml4j.util.ZipArchiveFakeEntry.<init>(ZipArchiveFakeEntry.java:83)
at org.apache.poi.openxml4j.util.ZipInputStreamZipEntrySource.<init>(ZipInputStreamZipEntrySource.java:98)
at org.apache.poi.openxml4j.opc.ZipPackage.<init>(ZipPackage.java:157)
at org.apache.poi.openxml4j.opc.OPCPackage.open(OPCPackage.java:351)
at org.apache.poi.ooxml.util.PackageHelper.open(PackageHelper.java:64)
at org.apache.poi.xssf.usermodel.XSSFWorkbook.<init>(XSSFWorkbook.java:315)
at org.apache.poi.xssf.usermodel.XSSFWorkbook.<init>(XSSFWorkbook.java:289)
at utilities.ExcelUtility.getStringData(ExcelUtility.java:19)
at testScript.LoginTest.userLoginUsingValidUsernameAndValidPassword(LoginTest.java:18)
at java.base/jdk.internal.reflect.DirectMethodHandleAccessor.invoke(DirectMethodHandleAccessor.java:103)
at java.base/java.lang.reflect.Method.invoke(Method.java:580)
at org.testng.internal.invokers.MethodInvocationHelper.invokeMethod(MethodInvocationHelper.java:141)
at org.testng.internal.invokers.TestInvoker.invokeMethod(TestInvoker.java:686)
at org.testng.internal.invokers.TestInvoker.invokeTestMethod(TestInvoker.java:230)
at org.testng.internal.invokers.MethodRunner.runInSequence(MethodRunner.java:63)
at org.testng.internal.invokers.TestInvoker$MethodInvocationAgent.invoke(TestInvoker.java:992)
at org.testng.internal.invokers.TestInvoker.invokeTestMethods(TestInvoker.java:203)
at org.testng.internal.invokers.TestMethodWorker.invokeTestMethods(TestMethodWorker.java:154)
at org.testng.internal.invokers.TestMethodWorker.run(TestMethodWorker.java:134)
at java.base/java.util.ArrayList.forEach(ArrayList.java:1597)
at org.testng.TestRunner.privateRun(TestRunner.java:739)
at org.testng.TestRunner.run(TestRunner.java:614)
at org.testng.SuiteRunner.runTest(SuiteRunner.java:421)
at org.testng.SuiteRunner$SuiteWorker.run(SuiteRunner.java:463)
at org.testng.internal.thread.ThreadUtil.lambda$execute$0(ThreadUtil.java:64)
at java.base/java.util.concurrent.FutureTask.run(FutureTask.java:317)
at java.base/java.util.concurrent.ThreadPoolExecutor.runWorker(ThreadPoolExecutor.java:1144)
at java.base/java.util.concurrent.ThreadPoolExecutor$Worker.run(ThreadPoolExecutor.java:642)
at java.base/java.lang.Thread.run(Thread.java:1575)
]]>
            </full-stacktrace>
          </exception> <!-- java.io.IOException -->
          <reporter-output>
          </reporter-output>
        </test-method> <!-- userLoginUsingValidUsernameAndValidPassword -->
        <test-method is-config="true" signature="driverCloseAndQuit(org.testng.ITestResult)[pri:0, instance:testScript.LoginTest@b2c9a9c]" started-at="2025-02-21T15:03:54 IST" name="driverCloseAndQuit" finished-at="2025-02-21T15:03:54 IST" duration-ms="496" status="PASS">
          <params>
            <param index="0">
              <value>
                <![CDATA[[TestResult name=userLoginUsingValidUsernameAndValidPassword status=FAILURE method=LoginTest.userLoginUsingValidUsernameAndValidPassword()[pri:1, instance:testScript.LoginTest@b2c9a9c] output={null}]]]>
              </value>
            </param>
          </params>
          <reporter-output>
          </reporter-output>
        </test-method> <!-- driverCloseAndQuit -->
      </class> <!-- testScript.LoginTest -->
    </test> <!-- Test1 -->
  </suite> <!-- Parallel Testing -->
</testng-results>
