<?xml version="1.0" encoding="UTF-8"?>
<!-- Generated by org.testng.reporters.JUnitXMLReporter -->
<testsuite ignored="3" hostname="DESKTOP-6D0GPUM" failures="0" tests="1" name="Test2" time="7.153" errors="0" timestamp="2025-01-29T18:40:48 IST">
  <testcase classname="testScript.LoginTest" name="userLoginWithInvalidUsernameAndInvalidPassword" time="0.434"/>
  <testcase classname="testScript.LoginTest" name="userLoginWithValidUsernamrAndInvalidPassword" time="0.0">
    <ignored/>
  </testcase> <!-- userLoginWithValidUsernamrAndInvalidPassword -->
  <testcase classname="testScript.LoginTest" name="userLoginWithInvalidUsernameAndValidPassword" time="0.0">
    <ignored/>
  </testcase> <!-- userLoginWithInvalidUsernameAndValidPassword -->
  <testcase classname="testScript.LoginTest" name="userLoginWithValidUsernameAndValidPassword" time="0.0">
    <ignored/>
  </testcase> <!-- userLoginWithValidUsernameAndValidPassword -->
</testsuite> <!-- Test2 -->
