<?xml version="1.0" encoding="UTF-8"?>
<!-- Generated by org.testng.reporters.JUnitXMLReporter -->
<testsuite ignored="1" hostname="DESKTOP-6D0GPUM" failures="0" tests="1" name="Test2" time="9.963" errors="0" timestamp="2025-02-07T13:22:22 IST">
  <testcase classname="testScript.CategoryTest" name="userCanAbleToResetTheCategoryList" time="5.176"/>
  <testcase classname="testScript.CategoryTest" name="userCanAbleToChooseFile" time="0.0">
    <ignored/>
  </testcase> <!-- userCanAbleToChooseFile -->
</testsuite> <!-- Test2 -->
